<?xml version="1.0" encoding="UTF-8"?>
<testsuite xmlns:xsi="http://www.w3.org/2001/XMLSchema-instance" xsi:noNamespaceSchemaLocation="https://maven.apache.org/surefire/maven-surefire-plugin/xsd/surefire-test-report-3.0.xsd" version="3.0" name="dev.yudiplease.exspansi.bot.CfbApplicationTests" time="10.667" tests="1" errors="0" skipped="0" failures="0">
  <properties>
[...]
</properties>
  <testcase name="contextLoads" classname="dev.yudiplease.exspansi.bot.CfbApplicationTests" time="0.901">
    <system-out><![CDATA[01:12:40.604 [main] INFO org.springframework.test.context.support.AnnotationConfigContextLoaderUtils -- Could not detect default configuration classes for test class [dev.yudiplease.exspansi.bot.CfbApplicationTests]: CfbApplicationTests does not declare any static, non-private, non-final, nested classes annotated with @Configuration.
01:12:40.677 [main] INFO org.springframework.boot.test.context.SpringBootTestContextBootstrapper -- Found @SpringBootConfiguration dev.yudiplease.exspansi.bot.CfbApplication for test class dev.yudiplease.exspansi.bot.CfbApplicationTests

  .   ____          _            __ _ _
 /\\ / ___'_ __ _ _(_)_ __  __ _ \ \ \ \
( ( )\___ | '_ | '_| | '_ \/ _` | \ \ \ \
 \\/  ___)| |_)| | | | | || (_| |  ) ) ) )
  '  |____| .__|_| |_|_| |_\__, | / / / /
 =========|_|==============|___/=/_/_/_/
 :: Spring Boot ::                (v3.2.4)

2024-09-06T01:12:41.053+05:00  INFO 17920 --- [exspansi_bot] [           main] d.y.exspansi.bot.CfbApplicationTests     : Starting CfbApplicationTests using Java 17.0.7 with PID 17920 (started by drego in D:\ITIS\3course\CFB)
2024-09-06T01:12:41.054+05:00  INFO 17920 --- [exspansi_bot] [           main] d.y.exspansi.bot.CfbApplicationTests     : No active profile set, falling back to 1 default profile: "default"
2024-09-06T01:12:42.046+05:00  INFO 17920 --- [exspansi_bot] [           main] discord4j.core.DiscordClientBuilder      : Discord4J 3.2.6 (https://discord4j.com)
2024-09-06T01:12:44.251+05:00  INFO 17920 --- [exspansi_bot] [ctor-http-nio-3] discord4j.gateway.DefaultGatewayClient   : [G:552e6776, S:0] Connected to Gateway
2024-09-06T01:12:44.253+05:00  INFO 17920 --- [exspansi_bot] [ctor-http-nio-3] d.core.shard.LocalShardCoordinator       : [G:552e6776, S:0] Shard connected
2024-09-06T01:12:44.265+05:00  INFO 17920 --- [exspansi_bot] [           main] discord4j.core.DiscordClientBuilder      : Discord4J 3.2.6 (https://discord4j.com)
2024-09-06T01:12:49.549+05:00  INFO 17920 --- [exspansi_bot] [ctor-http-nio-4] discord4j.gateway.DefaultGatewayClient   : [G:41a2eeaa, S:0] Connected to Gateway
2024-09-06T01:12:49.549+05:00  INFO 17920 --- [exspansi_bot] [ctor-http-nio-4] d.core.shard.LocalShardCoordinator       : [G:41a2eeaa, S:0] Shard connected
2024-09-06T01:12:50.208+05:00  INFO 17920 --- [exspansi_bot] [           main] d.y.exspansi.bot.CfbApplicationTests     : Started CfbApplicationTests in 9.408 seconds (process running for 10.145)
1725567170227
2024-09-06T01:12:50.235+05:00  INFO 17920 --- [exspansi_bot] [           main] d.y.exspansi.bot.GlobalCommandRegister   : java.util.stream.ReferencePipeline$Head@781aff8b
2024-09-06T01:12:50.236+05:00  INFO 17920 --- [exspansi_bot] [           main] d.y.exspansi.bot.GlobalCommandRegister   : java.util.stream.ReferencePipeline$Head@7fbf26fc
2024-09-06T01:12:50.236+05:00  INFO 17920 --- [exspansi_bot] [           main] d.y.exspansi.bot.GlobalCommandRegister   : java.util.stream.ReferencePipeline$Head@11c78080
2024-09-06T01:12:50.237+05:00  INFO 17920 --- [exspansi_bot] [           main] d.y.exspansi.bot.GlobalCommandRegister   : java.util.stream.ReferencePipeline$Head@662be9f7
2024-09-06T01:12:50.238+05:00  INFO 17920 --- [exspansi_bot] [           main] d.y.exspansi.bot.GlobalCommandRegister   : java.util.stream.ReferencePipeline$Head@4962b41e
2024-09-06T01:12:50.238+05:00  INFO 17920 --- [exspansi_bot] [           main] d.y.exspansi.bot.GlobalCommandRegister   : java.util.stream.ReferencePipeline$Head@4fecf308
]]></system-out>
  </testcase>
</testsuite>