<?xml version="1.0" encoding="UTF-8"?>
<testsuite xmlns:xsi="http://www.w3.org/2001/XMLSchema-instance" xsi:noNamespaceSchemaLocation="https://maven.apache.org/surefire/maven-surefire-plugin/xsd/surefire-test-report-3.0.xsd" version="3.0" name="dev.yudiplease.exspansi.bot.CfbApplicationTests" time="7.278" tests="1" errors="0" skipped="0" failures="0">
  <properties>
[...]
</properties>
  <testcase name="contextLoads" classname="dev.yudiplease.exspansi.bot.CfbApplicationTests" time="0.736">
    <system-out><![CDATA[14:38:39.275 [main] INFO org.springframework.test.context.support.AnnotationConfigContextLoaderUtils -- Could not detect default configuration classes for test class [dev.yudiplease.exspansi.bot.CfbApplicationTests]: CfbApplicationTests does not declare any static, non-private, non-final, nested classes annotated with @Configuration.
14:38:39.498 [main] INFO org.springframework.boot.test.context.SpringBootTestContextBootstrapper -- Found @SpringBootConfiguration dev.yudiplease.exspansi.bot.CfbApplication for test class dev.yudiplease.exspansi.bot.CfbApplicationTests

  .   ____          _            __ _ _
 /\\ / ___'_ __ _ _(_)_ __  __ _ \ \ \ \
( ( )\___ | '_ | '_| | '_ \/ _` | \ \ \ \
 \\/  ___)| |_)| | | | | || (_| |  ) ) ) )
  '  |____| .__|_| |_|_| |_\__, | / / / /
 =========|_|==============|___/=/_/_/_/
 :: Spring Boot ::                (v3.2.4)

2024-09-09T14:38:40.156+05:00  INFO 6380 --- [exspansi_bot] [           main] d.y.exspansi.bot.CfbApplicationTests     : Starting CfbApplicationTests using Java 17.0.7 with PID 6380 (started by drego in D:\ITIS\3course\CFB)
2024-09-09T14:38:40.158+05:00  INFO 6380 --- [exspansi_bot] [           main] d.y.exspansi.bot.CfbApplicationTests     : No active profile set, falling back to 1 default profile: "default"
2024-09-09T14:38:42.101+05:00  INFO 6380 --- [exspansi_bot] [           main] discord4j.core.DiscordClientBuilder      : Discord4J 3.2.6 (https://discord4j.com)
2024-09-09T14:38:44.922+05:00  INFO 6380 --- [exspansi_bot] [ctor-http-nio-3] discord4j.gateway.DefaultGatewayClient   : [G:3ae987a2, S:0] Connected to Gateway
2024-09-09T14:38:44.925+05:00  INFO 6380 --- [exspansi_bot] [ctor-http-nio-3] d.core.shard.LocalShardCoordinator       : [G:3ae987a2, S:0] Shard connected
2024-09-09T14:38:45.315+05:00  INFO 6380 --- [exspansi_bot] [           main] d.y.exspansi.bot.service.UserService     : Информация о пользователях успешно загружена
2024-09-09T14:38:45.320+05:00  INFO 6380 --- [exspansi_bot] [           main] d.y.exspansi.bot.service.WarnService     : Информация о варнах успешно загружена.
2024-09-09T14:38:45.508+05:00  INFO 6380 --- [exspansi_bot] [           main] d.y.exspansi.bot.CfbApplicationTests     : Started CfbApplicationTests in 5.8 seconds (process running for 7.167)
2024-09-09T14:38:45.516+05:00  INFO 6380 --- [exspansi_bot] [   scheduling-1] d.y.e.bot.service.KeepAliveService       : Бот не спит, работает
2024-09-09T14:38:45.531+05:00  INFO 6380 --- [exspansi_bot] [           main] d.y.exspansi.bot.GlobalCommandRegister   : java.util.stream.ReferencePipeline$Head@370ef50b
2024-09-09T14:38:45.531+05:00  INFO 6380 --- [exspansi_bot] [           main] d.y.exspansi.bot.GlobalCommandRegister   : java.util.stream.ReferencePipeline$Head@2b877a54
2024-09-09T14:38:45.532+05:00  INFO 6380 --- [exspansi_bot] [           main] d.y.exspansi.bot.GlobalCommandRegister   : java.util.stream.ReferencePipeline$Head@268c030f
2024-09-09T14:38:45.532+05:00  INFO 6380 --- [exspansi_bot] [           main] d.y.exspansi.bot.GlobalCommandRegister   : java.util.stream.ReferencePipeline$Head@4b87760e
2024-09-09T14:38:45.533+05:00  INFO 6380 --- [exspansi_bot] [           main] d.y.exspansi.bot.GlobalCommandRegister   : java.util.stream.ReferencePipeline$Head@be164d8
2024-09-09T14:38:45.534+05:00  INFO 6380 --- [exspansi_bot] [           main] d.y.exspansi.bot.GlobalCommandRegister   : java.util.stream.ReferencePipeline$Head@1b24ea2a
2024-09-09T14:38:45.535+05:00  INFO 6380 --- [exspansi_bot] [           main] d.y.exspansi.bot.GlobalCommandRegister   : java.util.stream.ReferencePipeline$Head@5df6163a
2024-09-09T14:38:45.536+05:00  INFO 6380 --- [exspansi_bot] [           main] d.y.exspansi.bot.GlobalCommandRegister   : java.util.stream.ReferencePipeline$Head@224c7de4
2024-09-09T14:38:45.537+05:00  INFO 6380 --- [exspansi_bot] [           main] d.y.exspansi.bot.GlobalCommandRegister   : java.util.stream.ReferencePipeline$Head@36ad229b
2024-09-09T14:38:45.538+05:00  INFO 6380 --- [exspansi_bot] [           main] d.y.exspansi.bot.GlobalCommandRegister   : java.util.stream.ReferencePipeline$Head@55846997
2024-09-09T14:38:45.538+05:00  INFO 6380 --- [exspansi_bot] [           main] d.y.exspansi.bot.GlobalCommandRegister   : java.util.stream.ReferencePipeline$Head@805e72e
2024-09-09T14:38:45.539+05:00  INFO 6380 --- [exspansi_bot] [           main] d.y.exspansi.bot.GlobalCommandRegister   : java.util.stream.ReferencePipeline$Head@49671897
]]></system-out>
  </testcase>
</testsuite>